2023-04-16 07:18:57 [Debug] path: /favicon.ico 
2023-04-16 07:19:36 [Debug] path: /Admin/Login 
2023-04-16 07:52:11 [Debug] path: /favicon.ico
2023-04-16 07:52:56 [Debug] path: /Admin/Login
2023-04-16 07:53:24 [Debug] path: /Admin
2023-04-16 07:55:26 [Debug] path: /Job/Login
2023-04-16 08:11:36 [Debug] path: /favicon.ico
2023-04-16 08:11:46 [Debug] path: /favicon.ico
2023-04-16 08:11:58 [Debug] path: /Job/Login
2023-04-16 08:36:48 [Debug] path: /favicon.ico
2023-04-16 08:37:42 [Debug] path: /Job/Login
2023-04-16 08:39:14 [Debug] path: /Job/Login
2023-04-16 08:41:34 [Debug] path: /favicon.ico
2023-04-16 08:42:02 [Debug] path: /Job/Login
2023-04-16 08:44:31 [Debug] path: /Job/Login
2023-04-16 08:45:42 [Debug] path: /Job/Login
2023-04-16 08:51:11 [Debug] path: /Job/Login
2023-04-16 08:52:55 [Debug] path: /Job/Login
2023-04-16 08:56:34 [Debug] path: /favicon.ico
2023-04-16 08:57:15 [Debug] path: /Job/Login
2023-04-16 08:57:35 [Debug] path: /Job/Login
2023-04-16 09:00:17 [Debug] path: /Job/Login
2023-04-16 09:00:57 [Debug] path: /Job
2023-04-16 09:02:23 [Debug] path: /Job
2023-04-16 09:03:33 [Debug] path: /Job
2023-04-16 09:04:25 [Debug] path: /Job/%7Bid%7D
2023-04-16 09:32:47 [Debug] path: /Job/Login
2023-04-16 09:33:52 [Debug] path: /Job/%7Bid%7D
2023-04-16 09:35:21 [Debug] path: /Job/%7Bid%7D
2023-04-16 09:37:18 [Debug] path: /Job/%7Bid%7D
2023-04-16 09:38:49 [Debug] path: /Job/Login
2023-04-16 09:39:10 [Debug] path: /Job
2023-04-16 09:40:52 [Debug] path: /Job/Login
2023-04-16 09:42:58 [Debug] path: /Job
2023-04-16 09:43:51 [Debug] path: /Job
2023-04-16 09:45:53 [Debug] path: /Job/Login
2023-04-18 05:17:54 [Debug] path: /favicon.ico
2023-04-18 05:18:07 [Debug] path: /favicon.ico
2023-04-18 05:18:27 [Debug] path: /Job/Login
2023-04-18 05:19:02 [Debug] path: /Job
2023-04-18 05:19:25 [Debug] path: /Job/%7Bid%7D
2023-04-18 05:21:11 [Debug] path: /favicon.ico
2023-04-18 05:21:32 [Debug] path: /Job/Login
2023-04-18 05:22:00 [Debug] path: /Job/%7Bid%7D
2023-04-18 06:06:36 [Debug] path: /favicon.ico
2023-04-18 06:06:45 [Debug] path: /
2023-04-18 06:06:50 [Debug] path: /
2023-04-18 06:07:15 [Debug] path: /
2023-04-18 06:07:22 [Debug] path: /
2023-04-18 06:07:23 [Debug] path: /
2023-04-18 06:07:28 [Debug] path: /favicon.ico
2023-04-18 06:07:44 [Debug] path: /
2023-04-18 06:08:06 [Debug] path: /
2023-04-18 06:30:39 [Debug] path: /
2023-04-18 06:30:40 [Debug] path: /
2023-04-18 06:30:41 [Debug] path: /
2023-04-18 06:30:43 [Debug] path: /
2023-04-18 06:30:48 [Debug] path: /
2023-04-18 06:30:59 [Debug] path: /
2023-04-18 06:31:54 [Debug] path: /
2023-04-18 06:31:56 [Debug] path: /
2023-04-18 06:31:57 [Debug] path: /
2023-04-18 06:33:29 [Debug] path: /
2023-04-18 06:33:44 [Debug] path: /
2023-04-18 06:34:29 [Debug] path: /
2023-04-18 06:34:36 [Debug] path: /
2023-04-18 06:35:14 [Debug] path: /favicon.ico
2023-04-18 06:38:42 [Debug] path: /favicon.ico
2023-04-18 06:40:56 [Debug] path: /favicon.ico
2023-04-18 06:45:58 [Debug] path: /JOBPROJECT
2023-04-18 06:47:36 [Debug] path: /JOBPROJECT/Controllers
2023-04-18 06:53:49 [Debug] path: /JOBPROJECT/Controllers
2023-04-18 07:00:13 [Debug] path: /JOBPROJECT/Controllers
2023-04-18 07:00:33 [Debug] path: /JOBPROJECT/Controllers
2023-04-18 07:00:56 [Debug] path: /JOBPROJECT/Controllers
2023-04-18 07:01:25 [Debug] path: /_framework/aspnetcore-browser-refresh.js
2023-04-18 07:01:25 [Debug] path: /favicon.ico
2023-04-18 07:01:37 [Debug] path: /_framework/aspnetcore-browser-refresh.js
2023-04-18 07:02:05 [Debug] path: /favicon.ico
2023-04-18 07:04:43 [Debug] path: /JobController
2023-04-18 07:40:46 [Debug] path: /favicon.ico
2023-04-18 07:46:50 [Debug] path: /favicon.ico
2023-04-18 07:46:56 [Debug] path: /Job/Login
2023-04-18 07:48:37 [Debug] path: /_framework/aspnetcore-browser-refresh.js
2023-04-18 07:53:28 [Debug] path: /_framework/aspnetcore-browser-refresh.js
2023-04-18 07:53:28 [Debug] path: /favicon.ico
2023-04-18 07:53:39 [Debug] path: /favicon.ico
2023-04-18 07:56:01 [Debug] path: /Job/Login
2023-04-18 07:56:47 [Debug] path: /job/login
2023-04-18 07:58:46 [Debug] path: /Job/Login
2023-04-18 08:04:51 [Debug] path: /JobController/Login
2023-04-18 08:05:26 [Debug] path: /Job/Login
2023-04-18 08:06:14 [Debug] path: /Job/Login
2023-04-18 08:06:47 [Debug] path: /Job/Login
2023-04-18 08:09:09 [Debug] path: /Job/Login
2023-04-18 08:10:49 [Debug] path: /Job/Login
2023-04-18 08:11:41 [Debug] path: /Job/Login
2023-04-18 08:39:16 [Debug] path: /job+Login
2023-04-18 08:39:34 [Debug] path: /jobLogin
2023-04-18 08:39:54 [Debug] path: /job/Login
2023-04-18 08:42:47 [Debug] path: /JobController/
2023-04-18 08:42:50 [Debug] path: /JobController
2023-04-18 08:43:07 [Debug] path: /favicon.ico
2023-04-18 08:43:13 [Debug] path: /JobController
2023-04-18 08:43:14 [Debug] path: /JobController
2023-04-18 08:43:19 [Debug] path: /JobController.cs
2023-04-18 08:43:52 [Debug] path: /Controllers/JobController
2023-04-18 08:44:19 [Debug] path: /AdminController
2023-04-18 08:44:33 [Debug] path: /admincontroller
2023-04-18 08:44:43 [Debug] path: /AdminController.cs
2023-04-19 12:54:13 [Debug] path: /favicon.ico
2023-04-19 12:54:26 [Debug] path: /favicon.ico
2023-04-19 12:54:44 [Debug] path: /job/Login
2023-04-19 12:56:31 [Debug] path: /job/Login
2023-04-19 12:57:02 [Debug] path: /job/Login
2023-04-19 12:58:39 [Debug] path: /favicon.ico
2023-04-19 12:58:50 [Debug] path: /job/Login
2023-04-19 12:59:06 [Debug] path: /favicon.ico
2023-04-19 12:59:16 [Debug] path: /favicon.ico
2023-04-19 12:59:21 [Debug] path: /job/Login
2023-04-19 01:00:16 [Debug] path: /_framework/aspnetcore-browser-refresh.js
2023-04-19 01:00:16 [Debug] path: /favicon.ico
2023-04-19 01:00:25 [Debug] path: /_framework/aspnetcore-browser-refresh.js
2023-04-19 01:00:25 [Debug] path: /favicon.ico
2023-04-19 01:00:41 [Debug] path: /favicon.ico
2023-04-19 01:00:50 [Debug] path: /_framework/aspnetcore-browser-refresh.js
2023-04-19 01:00:58 [Debug] path: /_framework/aspnetcore-browser-refresh.js
2023-04-19 01:01:00 [Debug] path: /_framework/aspnetcore-browser-refresh.js
2023-04-19 01:02:28 [Debug] path: /_framework/aspnetcore-browser-refresh.js
2023-04-19 01:02:28 [Debug] path: /favicon.ico
2023-04-19 01:02:36 [Debug] path: /_framework/aspnetcore-browser-refresh.js
2023-04-19 01:02:42 [Debug] path: /_framework/aspnetcore-browser-refresh.js
2023-04-19 01:02:46 [Debug] path: /job/Login
2023-04-19 01:04:24 [Debug] path: /_framework/aspnetcore-browser-refresh.js
2023-04-19 01:04:24 [Debug] path: /favicon.ico
2023-04-19 01:04:26 [Debug] path: /_framework/aspnetcore-browser-refresh.js
2023-04-19 01:04:29 [Debug] path: /job/Login
2023-04-19 01:04:56 [Debug] path: /_framework/aspnetcore-browser-refresh.js
2023-04-19 01:04:56 [Debug] path: /favicon.ico
2023-04-19 01:05:10 [Debug] path: /_framework/aspnetcore-browser-refresh.js
2023-04-19 01:05:32 [Debug] path: /_framework/aspnetcore-browser-refresh.js
2023-04-19 01:06:26 [Debug] path: /job/Login
2023-04-19 01:06:34 [Debug] path: /job/Login
2023-04-19 01:07:02 [Debug] path: /job/Login
2023-04-19 01:07:34 [Debug] path: /job/Login
2023-04-19 01:08:01 [Debug] path: /job/Login
2023-04-19 01:09:51 [Debug] path: /job/Login
2023-04-19 01:12:46 [Debug] path: /favicon.ico
2023-04-19 01:12:51 [Debug] path: /job/Login
2023-04-19 01:13:14 [Debug] path: /favicon.ico
2023-04-19 01:13:25 [Debug] path: /favicon.ico
2023-04-19 01:13:28 [Debug] path: /job/Login
2023-04-19 01:31:07 [Debug] path: /_framework/aspnetcore-browser-refresh.js
2023-04-19 01:31:07 [Debug] path: /favicon.ico
2023-04-19 01:31:56 [Debug] path: /_framework/aspnetcore-browser-refresh.js
2023-04-19 01:31:59 [Debug] path: /job/Login
2023-04-19 01:32:47 [Debug] path: /_framework/aspnetcore-browser-refresh.js
2023-04-19 01:33:12 [Debug] path: /favicon.ico
2023-04-19 01:33:23 [Debug] path: /favicon.ico
2023-04-19 01:33:26 [Debug] path: /job/Login
2023-04-19 01:33:54 [Debug] path: /job/Login
2023-04-19 01:34:20 [Debug] path: /job/Login
2023-04-19 01:51:28 [Debug] path: /_framework/aspnetcore-browser-refresh.js
2023-04-19 01:51:28 [Debug] path: /favicon.ico
2023-04-19 01:51:39 [Debug] path: /_framework/aspnetcore-browser-refresh.js
2023-04-19 01:52:00 [Debug] path: /_framework/aspnetcore-browser-refresh.js
2023-04-19 01:52:01 [Debug] path: /_framework/aspnetcore-browser-refresh.js
2023-04-19 01:52:33 [Debug] path: /job/Login
2023-04-19 01:54:26 [Debug] path: /_framework/aspnetcore-browser-refresh.js
2023-04-19 01:54:26 [Debug] path: /favicon.ico
2023-04-19 01:54:28 [Debug] path: /job/Login
2023-04-19 01:55:43 [Debug] path: /_framework/aspnetcore-browser-refresh.js
2023-04-19 01:55:43 [Debug] path: /favicon.ico
2023-04-19 01:55:44 [Debug] path: /_framework/aspnetcore-browser-refresh.js
2023-04-19 01:55:47 [Debug] path: /job/Login
2023-04-19 01:56:22 [Debug] path: /_framework/aspnetcore-browser-refresh.js
2023-04-19 01:56:22 [Debug] path: /favicon.ico
2023-04-19 01:56:25 [Debug] path: /job/Login
2023-04-19 01:56:56 [Debug] path: /_framework/aspnetcore-browser-refresh.js
2023-04-19 01:56:56 [Debug] path: /favicon.ico
2023-04-19 01:56:59 [Debug] path: /job/Login
2023-04-19 01:57:25 [Debug] path: /_framework/aspnetcore-browser-refresh.js
2023-04-19 01:57:25 [Debug] path: /favicon.ico
2023-04-19 01:57:36 [Debug] path: /job/Login
2023-04-19 01:57:52 [Debug] path: /_framework/aspnetcore-browser-refresh.js
2023-04-19 01:57:53 [Debug] path: /favicon.ico
2023-04-19 01:59:00 [Debug] path: /job/Login
2023-04-19 01:59:43 [Debug] path: /favicon.ico
2023-04-19 01:59:47 [Debug] path: /job/Login
2023-04-19 02:00:21 [Debug] path: /favicon.ico
2023-04-19 02:00:23 [Debug] path: /job/Login
2023-04-19 02:00:47 [Debug] path: /favicon.ico
2023-04-19 02:35:23 [Debug] path: /favicon.ico
2023-04-19 02:35:35 [Debug] path: /favicon.ico
2023-04-19 02:35:37 [Debug] path: /job/Login
2023-04-19 02:37:30 [Debug] path: /favicon.ico
2023-04-19 02:37:38 [Debug] path: /job/Login
2023-04-19 02:49:33 [Debug] path: /Job/Login
2023-04-19 02:51:27 [Debug] path: /Job/Login
2023-04-19 02:52:10 [Debug] path: /Job/Login
2023-04-19 02:53:13 [Debug] path: /Job/Login
2023-04-19 02:54:28 [Debug] path: /Job/Login
2023-04-19 02:54:55 [Debug] path: /Job/Login
2023-04-19 02:58:51 [Debug] path: /Job/Login
2023-04-19 02:59:16 [Debug] path: /Job/Login
2023-04-19 03:02:18 [Debug] path: /Job/Login
2023-04-19 03:02:49 [Debug] path: /Job/Login
2023-04-19 03:03:54 [Debug] path: /Job/Login
2023-04-19 03:04:04 [Debug] path: /Job/Login
2023-04-19 03:04:27 [Debug] path: /Job/Login
2023-04-19 03:05:01 [Debug] path: /Job/Login
2023-04-19 03:05:10 [Debug] path: /Job/Login
2023-04-19 03:05:29 [Debug] path: /Job/Login
2023-04-19 03:06:03 [Debug] path: /Job/Login
2023-04-19 03:08:58 [Debug] path: /Job/Login
2023-04-19 03:09:08 [Debug] path: /Job/Login
2023-04-19 03:09:39 [Debug] path: /job/Login
2023-04-19 03:09:55 [Debug] path: /job/Login
2023-04-19 03:10:18 [Debug] path: /job/Login
2023-04-19 03:11:34 [Debug] path: /job/Login
2023-04-19 03:11:41 [Debug] path: /job/Login
2023-04-19 03:12:22 [Debug] path: /job/Login
2023-04-19 03:12:30 [Debug] path: /job/Login
2023-04-19 03:14:19 [Debug] path: /job/Login
2023-04-19 03:15:46 [Debug] path: /job/Login
2023-04-19 03:16:03 [Debug] path: /job/Login
2023-04-19 03:17:01 [Debug] path: /job/Login
2023-04-19 03:19:22 [Debug] path: /job/Login
2023-04-19 03:19:33 [Debug] path: /job/Login
2023-04-19 03:20:06 [Debug] path: /job/Login
2023-04-19 03:20:59 [Debug] path: /job/Login
2023-04-19 03:21:15 [Debug] path: /job/Login
2023-04-19 03:21:41 [Debug] path: /job/Login
2023-04-19 03:22:14 [Debug] path: /job/Login
2023-04-19 03:22:23 [Debug] path: /job/Login
2023-04-19 03:23:58 [Debug] path: /job/Login
2023-04-19 03:24:05 [Debug] path: /job/Login
2023-04-19 03:24:22 [Debug] path: /job/Login
2023-04-19 03:24:52 [Debug] path: /job/Login
2023-04-19 03:28:30 [Debug] path: /admin/Login
2023-04-19 03:28:41 [Debug] path: /admin/Login
2023-04-19 03:30:21 [Debug] path: /Login
2023-04-19 03:30:56 [Debug] path: /Admin/Login
2023-04-19 03:31:06 [Debug] path: /Admin/Login
2023-04-19 03:31:13 [Debug] path: /Admin/Login
2023-04-19 03:31:47 [Debug] path: /Admin/Login
2023-04-19 03:33:00 [Debug] path: /Admin/Login
2023-04-19 03:34:05 [Debug] path: /Admin/Login
2023-04-19 03:34:36 [Debug] path: /Admin/Login
2023-04-19 03:34:44 [Debug] path: /Admin/Login
2023-04-19 03:35:02 [Debug] path: /Admin/Login
2023-04-19 03:36:25 [Debug] path: /Admin/Login
2023-04-19 03:36:58 [Debug] path: /Admin/Login
2023-04-19 03:39:53 [Debug] path: /Admin/Login
2023-04-19 03:41:13 [Debug] path: /Admin/Login
2023-04-19 03:41:39 [Debug] path: /Admin/Login
2023-04-19 03:42:13 [Debug] path: /Admin/Login
2023-04-19 03:42:41 [Debug] path: /Admin/Login
2023-04-19 03:43:26 [Debug] path: /Admin/Login
2023-04-19 03:43:33 [Debug] path: /Admin/Login
2023-04-19 03:43:43 [Debug] path: /Admin/Login
2023-04-19 03:44:07 [Debug] path: /Admin/Login
2023-04-19 03:44:26 [Debug] path: /Admin/Login
2023-04-19 03:46:53 [Debug] path: /Admin/Login
2023-04-19 03:51:24 [Debug] path: /favicon.ico
2023-04-19 03:52:20 [Debug] path: /Admin/Login
2023-04-19 03:53:16 [Debug] path: /Admin/Login
2023-04-19 03:54:58 [Debug] path: /Admin/Login
2023-04-19 03:55:14 [Debug] path: /Admin/Login
2023-04-19 03:56:02 [Debug] path: /Admin/Login
2023-04-19 03:56:21 [Debug] path: /Admin/Login
2023-04-19 03:56:55 [Debug] path: /Admin/Login
2023-04-19 03:57:26 [Debug] path: /Admin/Login
2023-04-19 03:58:08 [Debug] path: /Admin/Login
2023-04-19 03:58:58 [Debug] path: /Admin/Login
2023-04-19 04:02:07 [Debug] path: /Admin/Login
2023-04-19 04:06:22 [Debug] path: /Admin/Login
2023-04-19 04:06:38 [Debug] path: /Admin/Login
2023-04-19 04:07:06 [Debug] path: /Admin/Login
2023-04-19 04:08:17 [Debug] path: /Admin/Login
2023-04-19 04:11:09 [Debug] path: /Admin/Login
2023-04-19 04:11:41 [Debug] path: /Admin/Login
2023-04-19 04:13:48 [Debug] path: /favicon.ico
2023-04-19 04:14:03 [Debug] path: /favicon.ico
2023-04-19 04:14:40 [Debug] path: /Admin/Login
2023-04-19 04:22:23 [Debug] path: /Admin/Login
2023-04-19 04:22:26 [Debug] path: /html/css/site.css
2023-04-19 04:28:23 [Debug] path: /html/css/site.css
2023-04-19 04:28:23 [Debug] path: /html/js/site.js
2023-04-19 04:29:40 [Debug] path: /html/css/site.css
2023-04-19 04:33:15 [Debug] path: /Admin/Login
2023-04-19 04:33:17 [Debug] path: /html/css/site.css
2023-04-19 04:33:17 [Debug] path: /html/js/site.js
2023-04-19 04:34:09 [Debug] path: /html/css/site.css
2023-04-19 04:34:09 [Debug] path: /html/js/site.js
2023-04-19 04:34:25 [Debug] path: /html/css/site.css
2023-04-19 04:34:29 [Debug] path: /html/css/site.css
2023-04-19 04:34:29 [Debug] path: /html/js/site.js
2023-04-19 04:34:32 [Debug] path: /html/js/site.js
2023-04-19 04:38:42 [Debug] path: /Admin/Login
2023-04-19 04:41:33 [Debug] path: /swl
2023-04-19 04:42:50 [Debug] path: /Admin/Login
2023-04-19 04:46:58 [Debug] path: /job
2023-04-19 04:47:49 [Debug] path: /Admin/Login
2023-04-19 05:10:41 [Debug] path: /Admin/Login
2023-04-19 05:17:12 [Debug] path: /Admin/Login
2023-04-19 05:18:30 [Debug] path: /Admin/Login
2023-04-19 05:25:35 [Debug] path: /Admin/Login
2023-04-19 05:40:50 [Debug] path: /favicon.ico
2023-04-19 05:41:02 [Debug] path: /favicon.ico
2023-04-19 05:41:08 [Debug] path: /Admin/Login
2023-04-19 05:46:50 [Debug] path: /Admin/Login
2023-04-19 05:47:10 [Debug] path: /favicon.ico
2023-04-19 05:47:21 [Debug] path: /Admin/Login
2023-04-19 05:48:30 [Debug] path: /Admin/Login
2023-04-19 05:55:45 [Debug] path: /Admin/Login
2023-04-20 05:37:01 [Debug] path: /favicon.ico
2023-04-20 05:37:12 [Debug] path: /favicon.ico
2023-04-20 05:37:25 [Debug] path: /Admin/Login
2023-04-20 05:41:20 [Debug] path: /Admin/Login
2023-04-20 05:42:17 [Debug] path: /job/Get
2023-04-20 05:42:24 [Debug] path: /Admin/Login
2023-04-20 05:42:27 [Debug] path: /job/Get
2023-04-20 05:42:27 [Debug] path: /job/Get
2023-04-20 05:43:06 [Debug] path: /job/Get
2023-04-20 05:43:07 [Debug] path: /job/Get
2023-04-20 05:43:22 [Debug] path: /Admin/Login
2023-04-20 05:43:24 [Debug] path: /job/Get
2023-04-20 05:43:25 [Debug] path: /job/Get
2023-04-20 05:44:42 [Debug] path: /Admin/Login
2023-04-20 05:47:10 [Debug] path: /Admin/Login
2023-04-20 05:47:52 [Debug] path: /job/Get
2023-04-20 05:47:52 [Debug] path: /job/Get
2023-04-20 05:48:27 [Debug] path: /job/Get
2023-04-20 05:48:31 [Debug] path: /job/Get
2023-04-20 05:48:42 [Debug] path: /Admin/Login
2023-04-20 05:48:45 [Debug] path: /job/Get
2023-04-20 05:48:45 [Debug] path: /job/Get
2023-04-20 05:49:16 [Debug] path: /job/Get
2023-04-20 05:49:21 [Debug] path: /favicon.ico
2023-04-20 05:49:26 [Debug] path: /job/Get
2023-04-20 05:49:34 [Debug] path: /job/Get
2023-04-20 05:49:40 [Debug] path: /job/Get
2023-04-20 05:50:10 [Debug] path: /favicon.ico
2023-04-20 05:52:48 [Debug] path: /favicon.ico
2023-04-20 05:52:58 [Debug] path: /favicon.ico
2023-04-20 05:53:12 [Debug] path: /Admin/Login
2023-04-20 05:55:00 [Debug] path: /Admin/Login
2023-04-20 05:55:34 [Debug] path: /favicon.ico
2023-04-20 05:55:52 [Debug] path: /Admin/Login
2023-04-20 05:55:56 [Debug] path: /job/Get
2023-04-20 05:57:25 [Debug] path: /favicon.ico
2023-04-20 05:57:34 [Debug] path: /favicon.ico
2023-04-20 05:57:50 [Debug] path: /Admin/Login
2023-04-20 06:42:05 [Debug] path: /favicon.ico
2023-04-20 06:42:12 [Debug] path: /favicon.ico
2023-04-20 06:42:25 [Debug] path: /Admin/Login
2023-04-20 06:43:45 [Debug] path: /Admin/Login
2023-04-25 03:08:15 [Debug] path: /favicon.ico
2023-04-25 03:08:26 [Debug] path: /favicon.ico
2023-04-25 03:08:32 [Debug] path: /Admin/Login
2023-04-25 03:08:53 [Debug] path: /Admin/Login
2023-04-25 03:10:34 [Debug] path: /favicon.ico
2023-04-25 03:10:59 [Debug] path: /favicon.ico
2023-04-26 09:29:55 [Debug] path: /favicon.ico
2023-04-26 09:30:16 [Debug] path: /favicon.ico
2023-04-26 09:31:17 [Debug] path: /Admin/Login
2023-04-26 06:11:36 [Debug] path: /favicon.ico
2023-04-26 06:11:48 [Debug] path: /favicon.ico
2023-04-26 06:11:54 [Debug] path: /Admin/Login
2023-04-26 06:46:01 [Debug] path: /favicon.ico
2023-04-26 06:48:16 [Debug] path: /Admin/Login
2023-04-26 06:56:08 [Debug] path: /favicon.ico
2023-04-26 06:56:20 [Debug] path: /favicon.ico
2023-04-26 06:56:26 [Debug] path: /Admin/Login
2023-04-26 07:52:13 [Debug] path: /favicon.ico
2023-04-26 07:52:24 [Debug] path: /favicon.ico
2023-04-26 07:52:31 [Debug] path: /Admin/Login
2023-04-29 09:13:10 [Debug] path: /favicon.ico
2023-04-29 09:13:51 [Debug] path: /favicon.ico
2023-04-29 09:14:04 [Debug] path: /Admin/Login
2023-04-29 09:17:04 [Debug] path: /Admin/Login
2023-04-29 10:47:16 [Debug] path: /_framework/aspnetcore-browser-refresh.js
2023-04-29 10:47:16 [Debug] path: /favicon.ico
2023-04-29 10:47:23 [Debug] path: /Admin/Login
2023-04-29 10:47:25 [Debug] path: /_framework/aspnetcore-browser-refresh.js
2023-04-29 11:33:24 [Debug] path: /Admin/Login
2023-04-29 11:35:01 [Debug] path: /Admin/Login
2023-04-29 11:35:50 [Debug] path: /Admin/Login
2023-04-29 11:36:45 [Debug] path: /Admin/Login
2023-04-29 11:43:19 [Debug] path: /Admin/Login
2023-04-29 11:45:49 [Debug] path: /favicon.ico
2023-04-29 11:45:56 [Debug] path: /User/Login
2023-04-29 11:51:24 [Debug] path: /User/Login
2023-04-29 11:53:47 [Debug] path: /User/Login
2023-04-29 11:53:59 [Debug] path: /User/Login
2023-04-29 11:54:29 [Debug] path: /User/Login
2023-04-29 11:54:41 [Debug] path: /favicon.ico
2023-04-29 11:56:40 [Debug] path: /TasksProject/Get
2023-04-29 11:56:50 [Debug] path: /TasksProject/Get
2023-04-29 11:57:01 [Debug] path: /TasksProject/Get
2023-04-29 11:57:08 [Debug] path: /TasksProject/Get
2023-04-29 11:57:21 [Debug] path: /TasksProject/Get
2023-04-29 11:58:08 [Debug] path: /TasksProject/Get
2023-04-29 11:58:11 [Debug] path: /favicon.ico
2023-04-29 11:58:36 [Debug] path: /TasksProject/Get
2023-04-29 11:58:39 [Debug] path: /TasksProject/Get
2023-04-29 11:58:42 [Debug] path: /TasksProject/Get
2023-04-29 11:58:43 [Debug] path: /TasksProject/Get
2023-04-29 11:58:44 [Debug] path: /TasksProject/Get
2023-04-29 11:58:45 [Debug] path: /TasksProject/Get
2023-04-29 11:58:45 [Debug] path: /TasksProject/Get
2023-04-29 11:58:45 [Debug] path: /TasksProject/Get
2023-04-29 11:58:46 [Debug] path: /TasksProject/Get
2023-04-29 11:58:46 [Debug] path: /TasksProject/Get
2023-04-29 11:58:47 [Debug] path: /TasksProject/Get
2023-04-29 11:58:47 [Debug] path: /TasksProject/Get
2023-04-29 11:58:48 [Debug] path: /TasksProject/Get
2023-04-29 11:58:48 [Debug] path: /TasksProject/Get
2023-04-29 11:58:50 [Debug] path: /TasksProject/Post
2023-04-29 11:58:50 [Debug] path: /TasksProject/Get
2023-04-29 11:58:52 [Debug] path: /TasksProject/Post
2023-04-29 11:58:52 [Debug] path: /TasksProject/Get
2023-04-29 11:58:52 [Debug] path: /TasksProject/Post
2023-04-29 11:58:52 [Debug] path: /TasksProject/Get
2023-04-29 11:58:53 [Debug] path: /TasksProject/Post
2023-04-29 11:58:53 [Debug] path: /TasksProject/Get
2023-04-29 11:58:53 [Debug] path: /TasksProject/Post
2023-04-29 11:58:53 [Debug] path: /TasksProject/Get
2023-04-29 11:58:53 [Debug] path: /TasksProject/Post
2023-04-29 11:58:53 [Debug] path: /TasksProject/Get
2023-04-29 11:58:53 [Debug] path: /TasksProject/Post
2023-04-29 11:58:53 [Debug] path: /TasksProject/Get
2023-04-29 11:58:54 [Debug] path: /TasksProject/Post
2023-04-29 11:58:54 [Debug] path: /TasksProject/Get
2023-04-29 11:58:54 [Debug] path: /TasksProject/Post
2023-04-29 11:58:54 [Debug] path: /TasksProject/Get
2023-04-29 11:58:54 [Debug] path: /TasksProject/Post
2023-04-29 11:58:54 [Debug] path: /TasksProject/Get
2023-04-29 11:58:54 [Debug] path: /TasksProject/Post
2023-04-29 11:58:54 [Debug] path: /TasksProject/Get
2023-04-29 11:58:55 [Debug] path: /TasksProject/Post
2023-04-29 11:58:55 [Debug] path: /TasksProject/Get
2023-04-29 11:58:55 [Debug] path: /TasksProject/Post
2023-04-29 11:58:55 [Debug] path: /TasksProject/Get
2023-04-29 11:58:55 [Debug] path: /TasksProject/Post
2023-04-29 11:58:55 [Debug] path: /TasksProject/Get
2023-04-29 11:58:56 [Debug] path: /TasksProject/Post
2023-04-29 11:58:56 [Debug] path: /TasksProject/Get
2023-04-29 11:58:56 [Debug] path: /TasksProject/Post
2023-04-29 11:58:56 [Debug] path: /TasksProject/Get
2023-04-29 11:58:56 [Debug] path: /TasksProject/Post
2023-04-29 11:58:56 [Debug] path: /TasksProject/Get
2023-04-29 11:58:56 [Debug] path: /TasksProject/Post
2023-04-29 11:58:56 [Debug] path: /TasksProject/Get
2023-04-29 11:58:57 [Debug] path: /TasksProject/Post
2023-04-29 11:58:57 [Debug] path: /TasksProject/Get
2023-04-29 11:58:57 [Debug] path: /TasksProject/Post
2023-04-29 11:58:57 [Debug] path: /TasksProject/Get
2023-04-29 11:58:57 [Debug] path: /TasksProject/Post
2023-04-29 11:58:57 [Debug] path: /TasksProject/Get
2023-04-29 11:58:57 [Debug] path: /TasksProject/Post
2023-04-29 11:58:57 [Debug] path: /TasksProject/Get
2023-04-29 11:58:57 [Debug] path: /TasksProject/Post
2023-04-29 11:58:57 [Debug] path: /TasksProject/Get
2023-04-29 11:58:58 [Debug] path: /TasksProject/Post
2023-04-29 11:58:58 [Debug] path: /TasksProject/Get
2023-04-29 11:58:58 [Debug] path: /TasksProject/Post
2023-04-29 11:58:58 [Debug] path: /TasksProject/Get
2023-04-29 11:58:58 [Debug] path: /TasksProject/Post
2023-04-29 11:58:58 [Debug] path: /TasksProject/Get
2023-04-29 11:58:59 [Debug] path: /TasksProject/Get
2023-04-29 11:58:59 [Debug] path: /TasksProject/Get
2023-04-29 11:58:59 [Debug] path: /TasksProject/Get
2023-04-29 11:59:00 [Debug] path: /TasksProject/Get
2023-04-29 11:59:00 [Debug] path: /TasksProject/Get
2023-04-29 11:59:00 [Debug] path: /TasksProject/Get
2023-04-29 11:59:01 [Debug] path: /TasksProject/Get
2023-04-29 11:59:01 [Debug] path: /TasksProject/Get
2023-04-29 11:59:02 [Debug] path: /TasksProject/Get
2023-04-30 12:01:32 [Debug] path: /TasksProject/Get
2023-04-30 12:02:32 [Debug] path: /TasksProject/Get
2023-04-30 12:02:36 [Debug] path: /TasksProject/Get
2023-04-30 12:02:38 [Debug] path: /TasksProject/8
2023-04-30 12:02:38 [Debug] path: /TasksProject/Get
2023-04-30 12:02:38 [Debug] path: /TasksProject/8
2023-04-30 12:02:38 [Debug] path: /TasksProject/Get
2023-04-30 12:02:39 [Debug] path: /TasksProject/8
2023-04-30 12:02:39 [Debug] path: /TasksProject/Get
2023-04-30 12:02:39 [Debug] path: /TasksProject/8
2023-04-30 12:02:39 [Debug] path: /TasksProject/Get
2023-04-30 12:02:39 [Debug] path: /TasksProject/8
2023-04-30 12:02:39 [Debug] path: /TasksProject/Get
2023-04-30 12:02:39 [Debug] path: /TasksProject/8
2023-04-30 12:02:39 [Debug] path: /TasksProject/Get
2023-04-30 12:02:40 [Debug] path: /TasksProject/8
2023-04-30 12:02:40 [Debug] path: /TasksProject/Get
2023-04-30 12:02:40 [Debug] path: /TasksProject/8
2023-04-30 12:02:40 [Debug] path: /TasksProject/Get
2023-04-30 12:02:40 [Debug] path: /TasksProject/8
2023-04-30 12:02:40 [Debug] path: /TasksProject/Get
2023-04-30 12:02:41 [Debug] path: /TasksProject/5
2023-04-30 12:02:41 [Debug] path: /TasksProject/Get
2023-04-30 12:02:42 [Debug] path: /TasksProject/5
2023-04-30 12:02:42 [Debug] path: /TasksProject/Get
2023-04-30 12:02:42 [Debug] path: /TasksProject/5
2023-04-30 12:02:42 [Debug] path: /TasksProject/Get
2023-04-30 12:02:42 [Debug] path: /TasksProject/5
2023-04-30 12:02:42 [Debug] path: /TasksProject/Get
2023-04-30 12:02:43 [Debug] path: /TasksProject/5
2023-04-30 12:02:43 [Debug] path: /TasksProject/Get
2023-04-30 12:02:43 [Debug] path: /TasksProject/5
2023-04-30 12:02:43 [Debug] path: /TasksProject/Get
2023-04-30 12:02:43 [Debug] path: /TasksProject/5
2023-04-30 12:02:43 [Debug] path: /TasksProject/Get
2023-04-30 12:02:43 [Debug] path: /TasksProject/5
2023-04-30 12:02:43 [Debug] path: /TasksProject/Get
2023-04-30 12:02:48 [Debug] path: /TasksProject/Get
2023-04-30 12:02:51 [Debug] path: /TasksProject/7
2023-04-30 12:02:51 [Debug] path: /TasksProject/Get
2023-04-30 12:02:51 [Debug] path: /TasksProject/7
2023-04-30 12:02:51 [Debug] path: /TasksProject/Get
2023-04-30 12:02:51 [Debug] path: /TasksProject/7
2023-04-30 12:02:51 [Debug] path: /TasksProject/Get
2023-04-30 12:02:51 [Debug] path: /TasksProject/7
2023-04-30 12:02:51 [Debug] path: /TasksProject/Get
2023-04-30 12:02:52 [Debug] path: /TasksProject/7
2023-04-30 12:02:52 [Debug] path: /TasksProject/Get
2023-04-30 12:02:52 [Debug] path: /TasksProject/7
2023-04-30 12:02:52 [Debug] path: /TasksProject/Get
2023-04-30 12:02:52 [Debug] path: /TasksProject/7
2023-04-30 12:02:52 [Debug] path: /TasksProject/Get
2023-04-30 12:02:52 [Debug] path: /TasksProject/7
2023-04-30 12:02:52 [Debug] path: /TasksProject/Get
2023-04-30 12:02:53 [Debug] path: /TasksProject/7
2023-04-30 12:02:53 [Debug] path: /TasksProject/Get
2023-04-30 12:02:53 [Debug] path: /TasksProject/7
2023-04-30 12:02:53 [Debug] path: /TasksProject/Get
2023-04-30 12:02:53 [Debug] path: /TasksProject/7
2023-04-30 12:02:53 [Debug] path: /TasksProject/Get
2023-04-30 12:02:53 [Debug] path: /TasksProject/7
2023-04-30 12:02:53 [Debug] path: /TasksProject/Get
2023-04-30 12:02:54 [Debug] path: /TasksProject/7
2023-04-30 12:02:54 [Debug] path: /TasksProject/Get
2023-04-30 12:02:54 [Debug] path: /TasksProject/7
2023-04-30 12:02:54 [Debug] path: /TasksProject/Get
2023-04-30 12:02:54 [Debug] path: /TasksProject/7
2023-04-30 12:02:54 [Debug] path: /TasksProject/Get
2023-04-30 12:02:55 [Debug] path: /TasksProject/7
2023-04-30 12:02:55 [Debug] path: /TasksProject/Get
2023-04-30 12:02:55 [Debug] path: /TasksProject/7
2023-04-30 12:02:55 [Debug] path: /TasksProject/Get
2023-04-30 12:02:55 [Debug] path: /TasksProject/7
2023-04-30 12:02:55 [Debug] path: /TasksProject/Get
2023-04-30 12:02:55 [Debug] path: /TasksProject/7
2023-04-30 12:02:55 [Debug] path: /TasksProject/Get
2023-04-30 12:02:55 [Debug] path: /TasksProject/7
2023-04-30 12:02:55 [Debug] path: /TasksProject/Get
2023-04-30 12:02:56 [Debug] path: /TasksProject/7
2023-04-30 12:02:56 [Debug] path: /TasksProject/Get
2023-04-30 12:02:56 [Debug] path: /TasksProject/7
2023-04-30 12:02:56 [Debug] path: /TasksProject/Get
2023-04-30 12:02:56 [Debug] path: /TasksProject/7
2023-04-30 12:02:56 [Debug] path: /TasksProject/Get
2023-04-30 12:02:56 [Debug] path: /TasksProject/7
2023-04-30 12:02:56 [Debug] path: /TasksProject/Get
2023-04-30 12:02:56 [Debug] path: /TasksProject/7
2023-04-30 12:02:56 [Debug] path: /TasksProject/Get
2023-04-30 12:02:59 [Debug] path: /TasksProject/Get
2023-04-30 12:03:01 [Debug] path: /TasksProject/6
2023-04-30 12:03:01 [Debug] path: /TasksProject/Get
2023-04-30 12:03:01 [Debug] path: /TasksProject/6
2023-04-30 12:03:01 [Debug] path: /TasksProject/Get
2023-04-30 12:03:01 [Debug] path: /TasksProject/6
2023-04-30 12:03:01 [Debug] path: /TasksProject/Get
2023-04-30 12:03:02 [Debug] path: /TasksProject/6
2023-04-30 12:03:02 [Debug] path: /TasksProject/Get
2023-04-30 12:03:02 [Debug] path: /TasksProject/6
2023-04-30 12:03:02 [Debug] path: /TasksProject/Get
2023-04-30 12:03:02 [Debug] path: /TasksProject/6
2023-04-30 12:03:02 [Debug] path: /TasksProject/Get
2023-04-30 12:03:02 [Debug] path: /TasksProject/6
2023-04-30 12:03:02 [Debug] path: /TasksProject/Get
2023-04-30 12:03:03 [Debug] path: /TasksProject/6
2023-04-30 12:03:03 [Debug] path: /TasksProject/Get
2023-04-30 12:03:03 [Debug] path: /TasksProject/6
2023-04-30 12:03:03 [Debug] path: /TasksProject/Get
2023-04-30 12:03:03 [Debug] path: /TasksProject/6
2023-04-30 12:03:03 [Debug] path: /TasksProject/Get
2023-04-30 12:03:03 [Debug] path: /TasksProject/6
2023-04-30 12:03:03 [Debug] path: /TasksProject/Get
2023-04-30 12:03:03 [Debug] path: /TasksProject/6
2023-04-30 12:03:03 [Debug] path: /TasksProject/Get
2023-04-30 12:03:04 [Debug] path: /TasksProject/6
2023-04-30 12:03:04 [Debug] path: /TasksProject/Get
2023-04-30 12:03:04 [Debug] path: /TasksProject/6
2023-04-30 12:03:04 [Debug] path: /TasksProject/Get
2023-04-30 12:03:04 [Debug] path: /TasksProject/6
2023-04-30 12:03:04 [Debug] path: /TasksProject/Get
2023-04-30 12:03:04 [Debug] path: /TasksProject/6
2023-04-30 12:03:04 [Debug] path: /TasksProject/Get
2023-04-30 12:03:04 [Debug] path: /TasksProject/6
2023-04-30 12:03:04 [Debug] path: /TasksProject/Get
2023-04-30 12:03:05 [Debug] path: /TasksProject/6
2023-04-30 12:03:05 [Debug] path: /TasksProject/Get
2023-04-30 12:03:05 [Debug] path: /TasksProject/6
2023-04-30 12:03:05 [Debug] path: /TasksProject/Get
2023-04-30 12:03:05 [Debug] path: /TasksProject/6
2023-04-30 12:03:05 [Debug] path: /TasksProject/Get
2023-04-30 12:03:05 [Debug] path: /TasksProject/6
2023-04-30 12:03:05 [Debug] path: /TasksProject/Get
2023-04-30 12:03:05 [Debug] path: /TasksProject/6
2023-04-30 12:03:05 [Debug] path: /TasksProject/Get
2023-04-30 12:03:06 [Debug] path: /TasksProject/6
2023-04-30 12:03:06 [Debug] path: /TasksProject/Get
2023-04-30 12:03:06 [Debug] path: /TasksProject/6
2023-04-30 12:03:06 [Debug] path: /TasksProject/Get
2023-04-30 12:03:06 [Debug] path: /TasksProject/6
2023-04-30 12:03:06 [Debug] path: /TasksProject/Get
2023-04-30 12:03:06 [Debug] path: /TasksProject/6
2023-04-30 12:03:06 [Debug] path: /TasksProject/Get
2023-04-30 12:03:07 [Debug] path: /TasksProject/6
2023-04-30 12:03:07 [Debug] path: /TasksProject/Get
2023-04-30 12:03:07 [Debug] path: /TasksProject/6
2023-04-30 12:03:07 [Debug] path: /TasksProject/Get
2023-04-30 12:03:07 [Debug] path: /TasksProject/6
2023-04-30 12:03:07 [Debug] path: /TasksProject/Get
2023-04-30 12:03:07 [Debug] path: /TasksProject/6
2023-04-30 12:03:07 [Debug] path: /TasksProject/Get
2023-04-30 12:03:07 [Debug] path: /TasksProject/6
2023-04-30 12:03:07 [Debug] path: /TasksProject/Get
2023-04-30 12:03:08 [Debug] path: /TasksProject/6
2023-04-30 12:03:08 [Debug] path: /TasksProject/Get
2023-04-30 12:03:08 [Debug] path: /TasksProject/6
2023-04-30 12:03:08 [Debug] path: /TasksProject/Get
2023-04-30 12:03:08 [Debug] path: /TasksProject/6
2023-04-30 12:03:08 [Debug] path: /TasksProject/Get
2023-04-30 12:03:08 [Debug] path: /TasksProject/6
2023-04-30 12:03:08 [Debug] path: /TasksProject/Get
2023-04-30 12:03:53 [Debug] path: /TasksProject/Get
2023-04-30 12:03:58 [Debug] path: /TasksProject/Get
2023-04-30 12:04:01 [Debug] path: /TasksProject/11
2023-04-30 12:04:01 [Debug] path: /TasksProject/Get
2023-04-30 12:04:01 [Debug] path: /TasksProject/11
2023-04-30 12:04:01 [Debug] path: /TasksProject/Get
2023-04-30 12:04:02 [Debug] path: /TasksProject/11
2023-04-30 12:04:02 [Debug] path: /TasksProject/Get
2023-04-30 12:04:02 [Debug] path: /TasksProject/11
2023-04-30 12:04:02 [Debug] path: /TasksProject/Get
2023-04-30 12:04:02 [Debug] path: /TasksProject/11
2023-04-30 12:04:02 [Debug] path: /TasksProject/Get
2023-04-30 12:04:02 [Debug] path: /TasksProject/11
2023-04-30 12:04:02 [Debug] path: /TasksProject/Get
2023-04-30 12:04:02 [Debug] path: /TasksProject/11
2023-04-30 12:04:02 [Debug] path: /TasksProject/Get
2023-04-30 12:04:03 [Debug] path: /TasksProject/11
2023-04-30 12:04:03 [Debug] path: /TasksProject/Get
2023-04-30 12:04:03 [Debug] path: /TasksProject/11
2023-04-30 12:04:03 [Debug] path: /TasksProject/Get
2023-04-30 12:04:03 [Debug] path: /TasksProject/11
2023-04-30 12:04:03 [Debug] path: /TasksProject/Get
2023-04-30 12:04:03 [Debug] path: /TasksProject/11
2023-04-30 12:04:03 [Debug] path: /TasksProject/Get
2023-04-30 12:04:15 [Debug] path: /TasksProject/15
2023-04-30 12:04:15 [Debug] path: /TasksProject/Get
2023-04-30 12:04:44 [Debug] path: /TasksProject/Get
2023-04-30 12:04:48 [Debug] path: /TasksProject/Get
2023-04-30 12:04:49 [Debug] path: /TasksProject/Post
2023-04-30 12:04:49 [Debug] path: /TasksProject/Get
2023-04-30 12:04:50 [Debug] path: /TasksProject/Post
2023-04-30 12:04:50 [Debug] path: /TasksProject/Get
2023-04-30 12:04:51 [Debug] path: /TasksProject/7
2023-04-30 12:04:51 [Debug] path: /TasksProject/Get
2023-04-30 12:04:52 [Debug] path: /TasksProject/6
2023-04-30 12:04:52 [Debug] path: /TasksProject/Get
2023-04-30 12:04:52 [Debug] path: /TasksProject/6
2023-04-30 12:04:52 [Debug] path: /TasksProject/Get
2023-04-30 12:04:52 [Debug] path: /TasksProject/6
2023-04-30 12:04:52 [Debug] path: /TasksProject/Get
2023-04-30 12:04:52 [Debug] path: /TasksProject/6
2023-04-30 12:04:52 [Debug] path: /TasksProject/Get
2023-04-30 12:04:53 [Debug] path: /TasksProject/6
2023-04-30 12:04:53 [Debug] path: /TasksProject/Get
2023-04-30 12:04:55 [Debug] path: /TasksProject/Get
2023-04-30 12:05:01 [Debug] path: /TasksProject/5
2023-04-30 12:05:01 [Debug] path: /TasksProject/Get
2023-04-30 12:05:01 [Debug] path: /TasksProject/5
2023-04-30 12:05:01 [Debug] path: /TasksProject/Get
2023-04-30 12:05:02 [Debug] path: /TasksProject/5
2023-04-30 12:05:02 [Debug] path: /TasksProject/Get
2023-04-30 12:05:02 [Debug] path: /TasksProject/5
2023-04-30 12:05:02 [Debug] path: /TasksProject/Get
2023-04-30 12:05:02 [Debug] path: /TasksProject/5
2023-04-30 12:05:02 [Debug] path: /TasksProject/Get
2023-04-30 12:05:03 [Debug] path: /TasksProject/5
2023-04-30 12:05:03 [Debug] path: /TasksProject/Get
2023-04-30 12:06:18 [Debug] path: /TasksProject/Get
2023-04-30 12:06:40 [Debug] path: /TasksProject/Get
2023-04-30 12:06:48 [Debug] path: /TasksProject/8
2023-04-30 12:07:00 [Debug] path: /TasksProject/Get
2023-04-30 12:10:03 [Debug] path: /TasksProject/8
2023-04-30 12:10:03 [Debug] path: /TasksProject/Get
2023-04-30 12:10:07 [Debug] path: /TasksProject/Delete/8
2023-04-30 12:10:07 [Debug] path: /TasksProject/Get
2023-04-30 12:10:10 [Debug] path: /TasksProject/Delete/5
2023-04-30 12:10:10 [Debug] path: /TasksProject/Get
2023-04-30 12:11:12 [Debug] path: /TasksProject/Delete/9
2023-04-30 12:11:12 [Debug] path: /TasksProject/Get
2023-04-30 12:12:31 [Debug] path: /User/Login
2023-04-30 12:12:31 [Debug] path: /TasksProject/Get
2023-04-30 12:12:41 [Debug] path: /TasksProject/Delete/11
2023-04-30 12:12:48 [Debug] path: /TasksProject/Get
2023-04-30 12:12:54 [Debug] path: /TasksProject/Delete/10
2023-04-30 12:12:54 [Debug] path: /TasksProject/Get
2023-04-30 12:12:55 [Debug] path: /TasksProject/Delete/10
2023-04-30 12:12:55 [Debug] path: /TasksProject/Get
2023-04-30 12:12:55 [Debug] path: /TasksProject/Delete/10
2023-04-30 12:12:55 [Debug] path: /TasksProject/Get
2023-04-30 12:12:55 [Debug] path: /TasksProject/Delete/10
2023-04-30 12:12:55 [Debug] path: /TasksProject/Get
2023-04-30 12:12:56 [Debug] path: /TasksProject/Delete/10
2023-04-30 12:12:56 [Debug] path: /TasksProject/Get
2023-04-30 12:12:56 [Debug] path: /TasksProject/Delete/10
2023-04-30 12:12:56 [Debug] path: /TasksProject/Get
2023-04-30 12:12:56 [Debug] path: /TasksProject/Delete/10
2023-04-30 12:12:56 [Debug] path: /TasksProject/Get
2023-04-30 12:12:56 [Debug] path: /TasksProject/Delete/10
2023-04-30 12:12:56 [Debug] path: /TasksProject/Get
2023-04-30 12:12:56 [Debug] path: /TasksProject/Delete/10
2023-04-30 12:12:56 [Debug] path: /TasksProject/Get
2023-04-30 12:13:13 [Debug] path: /TasksProject/Get
2023-04-30 12:13:23 [Debug] path: /TasksProject/Get
2023-04-30 12:13:24 [Debug] path: /TasksProject/8
2023-04-30 12:13:24 [Debug] path: /TasksProject/Get
2023-04-30 12:13:24 [Debug] path: /TasksProject/8
2023-04-30 12:13:24 [Debug] path: /TasksProject/Get
2023-04-30 12:13:25 [Debug] path: /TasksProject/8
2023-04-30 12:13:25 [Debug] path: /TasksProject/Get
2023-04-30 12:13:25 [Debug] path: /TasksProject/8
2023-04-30 12:13:25 [Debug] path: /TasksProject/Get
2023-04-30 12:13:25 [Debug] path: /TasksProject/8
2023-04-30 12:13:25 [Debug] path: /TasksProject/Get
2023-04-30 12:13:28 [Debug] path: /TasksProject/8
2023-04-30 12:13:28 [Debug] path: /TasksProject/Get
2023-04-30 12:13:28 [Debug] path: /TasksProject/8
2023-04-30 12:13:28 [Debug] path: /TasksProject/Get
2023-04-30 12:15:01 [Debug] path: /TasksProject/15
2023-04-30 12:15:01 [Debug] path: /TasksProject/15
2023-04-30 12:15:01 [Debug] path: /TasksProject/Get
2023-04-30 12:15:01 [Debug] path: /TasksProject/Get
2023-04-30 12:15:01 [Debug] path: /TasksProject/Get
2023-04-30 12:15:01 [Debug] path: /TasksProject/Get
2023-04-30 12:15:01 [Debug] path: /TasksProject/Get
2023-04-30 12:15:01 [Debug] path: /TasksProject/Get
2023-04-30 12:15:01 [Debug] path: /TasksProject/Get
2023-04-30 12:15:01 [Debug] path: /TasksProject/15
2023-04-30 12:15:01 [Debug] path: /TasksProject/Get
2023-04-30 12:15:18 [Debug] path: /TasksProject/14
2023-04-30 12:15:18 [Debug] path: /TasksProject/Get
2023-04-30 12:15:18 [Debug] path: /TasksProject/14
2023-04-30 12:15:18 [Debug] path: /TasksProject/Get
2023-04-30 12:15:18 [Debug] path: /TasksProject/14
2023-04-30 12:15:19 [Debug] path: /TasksProject/Get
2023-04-30 12:15:19 [Debug] path: /TasksProject/14
2023-04-30 12:15:19 [Debug] path: /TasksProject/Get
2023-04-30 12:15:19 [Debug] path: /TasksProject/14
2023-04-30 12:15:19 [Debug] path: /TasksProject/Get
2023-04-30 12:15:19 [Debug] path: /TasksProject/14
2023-04-30 12:15:19 [Debug] path: /TasksProject/Get
2023-04-30 12:15:19 [Debug] path: /TasksProject/14
2023-04-30 12:15:19 [Debug] path: /TasksProject/Get
2023-04-30 12:15:20 [Debug] path: /TasksProject/14
2023-04-30 12:15:20 [Debug] path: /TasksProject/Get
2023-04-30 12:15:23 [Debug] path: /TasksProject/18
2023-04-30 12:15:23 [Debug] path: /TasksProject/Get
2023-04-30 12:15:23 [Debug] path: /TasksProject/18
2023-04-30 12:15:23 [Debug] path: /TasksProject/Get
2023-04-30 12:15:23 [Debug] path: /TasksProject/18
2023-04-30 12:15:23 [Debug] path: /TasksProject/Get
2023-04-30 12:15:23 [Debug] path: /TasksProject/18
2023-04-30 12:15:23 [Debug] path: /TasksProject/Get
2023-04-30 12:15:24 [Debug] path: /TasksProject/18
2023-04-30 12:15:24 [Debug] path: /TasksProject/Get
2023-04-30 12:15:24 [Debug] path: /TasksProject/18
2023-04-30 12:15:24 [Debug] path: /TasksProject/Get
2023-04-30 12:15:24 [Debug] path: /TasksProject/18
2023-04-30 12:15:24 [Debug] path: /TasksProject/Get
